<?xml version="1.0" encoding="UTF-8"?>
<!-- Generated by org.testng.reporters.JUnitReportReporter -->
<testsuite hostname="DESKTOP-768LBC7" failures="0" tests="1" name="com.qa.testLayer.TestCase01" time="51.402" errors="0" timestamp="2023-01-17T19:37:27 IST" skipped="0">
  <testcase classname="com.qa.testLayer.TestCase01" name="sortTheValue" time="51.402"/>
  <system-out/>
</testsuite> <!-- com.qa.testLayer.TestCase01 -->
